0 info it worked if it ends with ok
1 verbose cli [ '/usr/bin/nodejs', '/usr/bin/npm', 'run', 'protractor' ]
2 info using npm@1.4.21
3 info using node@v0.10.25
4 verbose run-script [ 'preprotractor', 'protractor', 'postprotractor' ]
5 info preprotractor angular-seed@0.0.0
6 verbose unsafe-perm in lifecycle true
7 info angular-seed@0.0.0 Failed to exec preprotractor script
8 error angular-seed@0.0.0 preprotractor: `npm run update-webdriver`
8 error Exit status 1
9 error Failed at the angular-seed@0.0.0 preprotractor script.
9 error This is most likely a problem with the angular-seed package,
9 error not with npm itself.
9 error Tell the author that this fails on your system:
9 error     npm run update-webdriver
9 error You can get their info via:
9 error     npm owner ls angular-seed
9 error There is likely additional logging output above.
10 error System Linux 3.16.0-34-generic
11 error command "/usr/bin/nodejs" "/usr/bin/npm" "run" "protractor"
12 error cwd /home/stephen/Source/GTGame
13 error node -v v0.10.25
14 error npm -v 1.4.21
15 error code ELIFECYCLE
16 verbose exit [ 1, true ]
